<?xml version="1.0" encoding="UTF-8"?>
<!-- Generated by org.testng.reporters.JUnitXMLReporter -->
<testsuite ignored="0" hostname="Liam" failures="0" tests="3" name="Default test" time="9.852" errors="0" timestamp="2024-02-16T18:58:59 GMT">
  <testcase classname="fuelbuddyAutomatedTests.WelcomeScreenTest" name="testFuelBuddyLogo" time="0.292"/>
  <testcase classname="fuelbuddyAutomatedTests.WelcomeScreenTest" name="testWelcomeSloganText" time="0.058"/>
  <testcase classname="fuelbuddyAutomatedTests.WelcomeScreenTest" name="testWelcomeText" time="0.059"/>
</testsuite> <!-- Default test -->
