<?xml version="1.0" encoding="UTF-8"?>
<testng-results ignored="0" total="3" passed="3" failed="0" skipped="0">
  <reporter-output>
  </reporter-output>
  <suite started-at="2024-02-16T18:58:49 GMT" name="Default suite" finished-at="2024-02-16T18:58:59 GMT" duration-ms="9852">
    <groups>
    </groups>
    <test started-at="2024-02-16T18:58:49 GMT" name="Default test" finished-at="2024-02-16T18:58:59 GMT" duration-ms="9852">
      <class name="fuelbuddyAutomatedTests.WelcomeScreenTest">
        <test-method is-config="true" signature="setUp()[pri:0, instance:fuelbuddyAutomatedTests.WelcomeScreenTest@41a0aa7d]" started-at="2024-02-16T18:58:49 GMT" name="setUp" finished-at="2024-02-16T18:58:58 GMT" duration-ms="9200" status="PASS">
          <reporter-output>
          </reporter-output>
        </test-method> <!-- setUp -->
        <test-method signature="testFuelBuddyLogo()[pri:0, instance:fuelbuddyAutomatedTests.WelcomeScreenTest@41a0aa7d]" started-at="2024-02-16T18:58:58 GMT" name="testFuelBuddyLogo" finished-at="2024-02-16T18:58:59 GMT" duration-ms="292" status="PASS">
          <reporter-output>
          </reporter-output>
        </test-method> <!-- testFuelBuddyLogo -->
        <test-method signature="testWelcomeSloganText()[pri:0, instance:fuelbuddyAutomatedTests.WelcomeScreenTest@41a0aa7d]" started-at="2024-02-16T18:58:59 GMT" name="testWelcomeSloganText" finished-at="2024-02-16T18:58:59 GMT" duration-ms="58" status="PASS">
          <reporter-output>
          </reporter-output>
        </test-method> <!-- testWelcomeSloganText -->
        <test-method signature="testWelcomeText()[pri:0, instance:fuelbuddyAutomatedTests.WelcomeScreenTest@41a0aa7d]" started-at="2024-02-16T18:58:59 GMT" name="testWelcomeText" finished-at="2024-02-16T18:58:59 GMT" duration-ms="59" status="PASS">
          <reporter-output>
          </reporter-output>
        </test-method> <!-- testWelcomeText -->
        <test-method is-config="true" signature="tearDown()[pri:0, instance:fuelbuddyAutomatedTests.WelcomeScreenTest@41a0aa7d]" started-at="2024-02-16T18:58:59 GMT" name="tearDown" finished-at="2024-02-16T18:58:59 GMT" duration-ms="221" status="PASS">
          <reporter-output>
          </reporter-output>
        </test-method> <!-- tearDown -->
      </class> <!-- fuelbuddyAutomatedTests.WelcomeScreenTest -->
    </test> <!-- Default test -->
  </suite> <!-- Default suite -->
</testng-results>
